<?xml version="1.0" encoding="UTF-8"?>
<testsuite xmlns:xsi="http://www.w3.org/2001/XMLSchema-instance" xsi:noNamespaceSchemaLocation="https://maven.apache.org/surefire/maven-surefire-plugin/xsd/surefire-test-report.xsd" name="DealerTest" time="0.057" tests="22" errors="0" skipped="0" failures="0">
  <properties>
[...]
</properties>
  <testcase name="dealHand1" classname="DealerTest" time="0.023"/>
  <testcase name="dealHand2" classname="DealerTest" time="0.013"/>
  <testcase name="evaluatePlayerDraw1" classname="DealerTest" time="0"/>
  <testcase name="evaluatePlayerDraw2" classname="DealerTest" time="0.001"/>
  <testcase name="drawOne1" classname="DealerTest" time="0"/>
  <testcase name="drawOne2" classname="DealerTest" time="0"/>
  <testcase name="evaluateBankerDraw1" classname="DealerTest" time="0.001"/>
  <testcase name="evaluateBankerDraw2" classname="DealerTest" time="0"/>
  <testcase name="baccaratDealerConstructor" classname="DealerTest" time="0.001"/>
  <testcase name="shuffleDeck1" classname="DealerTest" time="0.001"/>
  <testcase name="shuffleDeck2" classname="DealerTest" time="0.001"/>
  <testcase name="deckSize1" classname="DealerTest" time="0.001"/>
  <testcase name="deckSize2" classname="DealerTest" time="0"/>
  <testcase name="baccaratGameConstructor" classname="DealerTest" time="0.001"/>
  <testcase name="baccaratGameLogicConstructor" classname="DealerTest" time="0"/>
  <testcase name="handTotal1" classname="DealerTest" time="0.001"/>
  <testcase name="handTotal2" classname="DealerTest" time="0"/>
  <testcase name="whoWon1" classname="DealerTest" time="0.001"/>
  <testcase name="whoWon2" classname="DealerTest" time="0"/>
  <testcase name="CardConstructor" classname="DealerTest" time="0.001"/>
  <testcase name="generateDeck1" classname="DealerTest" time="0.001"/>
  <testcase name="generateDeck2" classname="DealerTest" time="0"/>
</testsuite>